2025-11-07 09:03:48,439 - INFO - Успешно получены курсы для валют: ['USD', 'EUR']
2025-11-07 09:03:48,865 - INFO - Успешно получены курсы для валют: ['USD']
2025-11-07 09:03:49,164 - WARNING - Валюта U отсутствует в данных API
2025-11-07 09:03:49,164 - WARNING - Валюта S отсутствует в данных API
2025-11-07 09:03:49,164 - WARNING - Валюта D отсутствует в данных API
2025-11-07 09:03:49,164 - INFO - Успешно получены курсы для валют: []
2025-11-07 09:04:52,745 - INFO - Успешно получены курсы для валют: ['USD', 'EUR']
2025-11-07 09:04:53,022 - INFO - Успешно получены курсы для валют: ['USD']
2025-11-07 09:04:53,303 - WARNING - Валюта C отсутствует в данных API
2025-11-07 09:04:53,303 - WARNING - Валюта N отсутствует в данных API
2025-11-07 09:04:53,303 - WARNING - Валюта Y отсутствует в данных API
2025-11-07 09:04:53,304 - INFO - Успешно получены курсы для валют: []
2025-11-07 09:06:42,866 - INFO - Успешно получены курсы для валют: ['USD', 'EUR']
2025-11-07 09:06:43,164 - INFO - Успешно получены курсы для валют: ['USD']
2025-11-07 09:06:43,662 - WARNING - Валюта C отсутствует в данных API
2025-11-07 09:06:43,663 - WARNING - Валюта N отсутствует в данных API
2025-11-07 09:06:43,663 - WARNING - Валюта Y отсутствует в данных API
2025-11-07 09:06:43,663 - INFO - Успешно получены курсы для валют: []
2025-11-07 09:09:56,101 - INFO - Успешно получены курсы для валют: ['USD', 'EUR']
2025-11-07 09:09:56,426 - INFO - Успешно получены курсы для валют: ['USD']
2025-11-07 09:09:56,702 - WARNING - Валюта C отсутствует в данных API
2025-11-07 09:09:56,702 - WARNING - Валюта N отсутствует в данных API
2025-11-07 09:09:56,702 - WARNING - Валюта Y отсутствует в данных API
2025-11-07 09:09:56,702 - INFO - Успешно получены курсы для валют: []
2025-11-07 09:09:59,110 - ERROR - Ошибка запроса к API: Expecting value: line 1 column 1 (char 0)
2025-11-07 09:09:59,672 - WARNING - Валюта XYZ отсутствует в данных API
2025-11-07 09:09:59,673 - INFO - Успешно получены курсы для валют: ['USD']
2025-11-07 09:09:59,965 - INFO - Успешно получены курсы для валют: ['USD', 'EUR']
